2016-03-31 10:33:31.926  INFO 53168 --- [main] c.c.spectrum.tests.ControllerTest        : Starting ControllerTest on Satishs-MBP.home with PID 53168 (/Users/satishmummadi/Desktop/spectrum-middlelayer/target/test-classes started by satishmummadi in /Users/satishmummadi/Desktop/spectrum-middlelayer)
2016-03-31 10:33:31.926  INFO 53168 --- [main] c.c.spectrum.tests.ControllerTest        : No active profile set, falling back to default profiles: default
2016-03-31 10:33:31.973  INFO 53168 --- [main] s.c.a.AnnotationConfigApplicationContext : Refreshing org.springframework.context.annotation.AnnotationConfigApplicationContext@59cba5a: startup date [Thu Mar 31 10:33:31 EDT 2016]; root of context hierarchy
2016-03-31 10:33:33.540  INFO 53168 --- [main] o.s.c.ehcache.EhCacheManagerFactoryBean  : Initializing EhCache CacheManager
2016-03-31 10:33:33.638  WARN 53168 --- [main] n.sf.ehcache.config.CacheConfiguration   : Configuration problem for cache transactionCache: MaxEntriesLocalHeap equal or greater than MaxEntriesLocalDisk. This will result in useless disk storage.
2016-03-31 10:33:33.654  WARN 53168 --- [main] net.sf.ehcache.DiskStorePathManager      : diskStorePath '/var/folders/t4/3c5mv9kn69q8t0rjm0fsh7dr0000gn/T' is already used by an existing CacheManager either in the same VM or in a different process.
The diskStore path for this CacheManager will be set to /var/folders/t4/3c5mv9kn69q8t0rjm0fsh7dr0000gn/T/ehcache_auto_created2626689200360037620diskstore.

2016-04-14 18:49:10.593  INFO 28155 --- [Thread-4] ationConfigEmbeddedWebApplicationContext : Closing org.springframework.boot.context.embedded.AnnotationConfigEmbeddedWebApplicationContext@4e7eb2aa: startup date [Thu Apr 14 17:36:41 EDT 2016]; root of context hierarchy
2016-04-14 18:49:10.614  INFO 28155 --- [Thread-4] o.s.c.support.DefaultLifecycleProcessor  : Stopping beans in phase 0
2016-04-14 18:49:10.632  INFO 28155 --- [Thread-4] o.s.j.e.a.AnnotationMBeanExporter        : Unregistering JMX-exposed beans on shutdown
2016-04-14 18:49:10.636  INFO 28155 --- [Thread-4] o.s.c.ehcache.EhCacheManagerFactoryBean  : Shutting down EhCache CacheManager
2016-04-14 18:49:15.254  INFO 28779 --- [main] c.c.spectrum.SpectrumServiceApplication  : Starting SpectrumServiceApplication on Satishs-MBP.home with PID 28779 (/Users/satishmummadi/Desktop/spectrum-middlelayer/target/classes started by satishmummadi in /Users/satishmummadi/Desktop/spectrum-middlelayer)
2016-04-14 18:49:15.257  INFO 28779 --- [main] c.c.spectrum.SpectrumServiceApplication  : No active profile set, falling back to default profiles: default
2016-04-14 18:49:15.307  INFO 28779 --- [main] ationConfigEmbeddedWebApplicationContext : Refreshing org.springframework.boot.context.embedded.AnnotationConfigEmbeddedWebApplicationContext@3035b5a8: startup date [Thu Apr 14 18:49:15 EDT 2016]; root of context hierarchy
2016-04-14 18:49:15.910  INFO 28779 --- [main] o.s.b.f.s.DefaultListableBeanFactory     : Overriding bean definition for bean 'beanNameViewResolver' with a different definition: replacing [Root bean: class [null]; scope=; abstract=false; lazyInit=false; autowireMode=3; dependencyCheck=0; autowireCandidate=true; primary=false; factoryBeanName=org.springframework.boot.autoconfigure.web.ErrorMvcAutoConfiguration$WhitelabelErrorViewConfiguration; factoryMethodName=beanNameViewResolver; initMethodName=null; destroyMethodName=(inferred); defined in class path resource [org/springframework/boot/autoconfigure/web/ErrorMvcAutoConfiguration$WhitelabelErrorViewConfiguration.class]] with [Root bean: class [null]; scope=; abstract=false; lazyInit=false; autowireMode=3; dependencyCheck=0; autowireCandidate=true; primary=false; factoryBeanName=org.springframework.boot.autoconfigure.web.WebMvcAutoConfiguration$WebMvcAutoConfigurationAdapter; factoryMethodName=beanNameViewResolver; initMethodName=null; destroyMethodName=(inferred); defined in class path resource [org/springframework/boot/autoconfigure/web/WebMvcAutoConfiguration$WebMvcAutoConfigurationAdapter.class]]
2016-04-14 18:49:16.393  INFO 28779 --- [main] trationDelegate$BeanPostProcessorChecker : Bean 'org.springframework.transaction.annotation.ProxyTransactionManagementConfiguration' of type [class org.springframework.transaction.annotation.ProxyTransactionManagementConfiguration$$EnhancerBySpringCGLIB$$fc64d10] is not eligible for getting processed by all BeanPostProcessors (for example: not eligible for auto-proxying)
2016-04-14 18:49:16.699  INFO 28779 --- [main] s.b.c.e.t.TomcatEmbeddedServletContainer : Tomcat initialized with port(s): 8080 (http)
2016-04-14 18:49:16.709  INFO 28779 --- [main] o.apache.catalina.core.StandardService   : Starting service Tomcat
2016-04-14 18:49:16.710  INFO 28779 --- [main] org.apache.catalina.core.StandardEngine  : Starting Servlet Engine: Apache Tomcat/8.0.32
2016-04-14 18:49:16.791  INFO 28779 --- [localhost-startStop-1] o.a.c.c.C.[Tomcat].[localhost].[/]       : Initializing Spring embedded WebApplicationContext
2016-04-14 18:49:16.791  INFO 28779 --- [localhost-startStop-1] o.s.web.context.ContextLoader            : Root WebApplicationContext: initialization completed in 1485 ms
2016-04-14 18:49:17.113  INFO 28779 --- [localhost-startStop-1] o.s.b.c.embedded.FilterRegistrationBean  : Mapping filter: 'metricFilter' to: [/*]
2016-04-14 18:49:17.114  INFO 28779 --- [localhost-startStop-1] o.s.b.c.embedded.FilterRegistrationBean  : Mapping filter: 'characterEncodingFilter' to: [/*]
